<?xml version="1.0" encoding="UTF-8"?>
<testsuite xmlns:xsi="http://www.w3.org/2001/XMLSchema-instance" xsi:noNamespaceSchemaLocation="https://maven.apache.org/surefire/maven-surefire-plugin/xsd/surefire-test-report-3.0.xsd" version="3.0" name="TestSuite" time="5.82" tests="3" errors="0" skipped="0" failures="0">
  <properties>
[...]
</properties>
  <testcase name="runScenario[&quot;Validate - Successful and Unsuccessful login&quot;, &quot;Webdriver University - Login Page&quot;](1)" classname="runner.Runner" time="4.727">
    <system-out><![CDATA[
@login @regression @validateLogin
Scenario Outline: Validate - Successful and Unsuccessful login  # features/Login.feature:19

@login @regression @validateLogin
Scenario Outline: Validate - Successful and Unsuccessful login  # features/Login.feature:18

@login @regression @validateLogin
Scenario Outline: Validate - Successful and Unsuccessful login     # features/Login.feature:17
  Given I access the webdriver university login page               # stepDefinitions.Login_Steps.i_access_the_webdriver_university_login_page()
  Given I access the webdriver university login page            # stepDefinitions.Login_Steps.i_access_the_webdriver_university_login_page()
  Given I access the webdriver university login page            # stepDefinitions.Login_Steps.i_access_the_webdriver_university_login_page()
  And I enter a username webdriver                                 # stepDefinitions.Login_Steps.i_enter_a_username(java.lang.String)
  And I enter a username webdriver                              # stepDefinitions.Login_Steps.i_enter_a_username(java.lang.String)
  And I enter a username wdddriver                              # stepDefinitions.Login_Steps.i_enter_a_username(java.lang.String)
  And I enter a password webdriver123                              # stepDefinitions.Login_Steps.i_enter_a_password(java.lang.String)
  And I enter a password webdriverIncorrect                     # stepDefinitions.Login_Steps.i_enter_a_password(java.lang.String)
  When I click on the login button                                 # stepDefinitions.Login_Steps.i_click_on_the_login_button()
  And I enter a password webdriver123                           # stepDefinitions.Login_Steps.i_enter_a_password(java.lang.String)
  Then I should be presented with the message validation succeeded # stepDefinitions.Login_Steps.i_should_be_presented_with_the_message(java.lang.String)
  When I click on the login button                              # stepDefinitions.Login_Steps.i_click_on_the_login_button()
  Then I should be presented with the message validation failed # stepDefinitions.Login_Steps.i_should_be_presented_with_the_message(java.lang.String)
  When I click on the login button                              # stepDefinitions.Login_Steps.i_click_on_the_login_button()
  Then I should be presented with the message validation failed # stepDefinitions.Login_Steps.i_should_be_presented_with_the_message(java.lang.String)
]]></system-out>
    <system-err><![CDATA[SLF4J: Failed to load class "org.slf4j.impl.StaticLoggerBinder".
SLF4J: Defaulting to no-operation (NOP) logger implementation
SLF4J: See http://www.slf4j.org/codes.html#StaticLoggerBinder for further details.
SSttSarattraingt riCtnhigr nogCme DCrhhirvroeormm eeD1Drr0ii8vv.ee0rr.  51130058.980...025.253 35(95e9.c.24226 2c( (9eec04cf64c59609cf359983085f577544696030446886158b071a47ba60a0da47766aca8fd1b765b0ceaf79ba95aeebd9779-6ercbef7f-sbr/5ebefr9s9/aencbbhr7-a-hernaecdhfs-/s5h3/eab59dr@sa{#n/c53h36-55h9e@a{d#s365/}5)}3 5)o9n @ o{pno #rpt3 o65r56t}5)5  562o
4nO1n 9lpoy
r Otnl lo5yc 0al8o1l2c ca
olnO ncneocnltnyie oclntiosoc nsaa arrele   aalclllooowwneedn.de.c
tPio
nlPse laeaasrseee   assleeleeo  whhttetpdst.p:s/:/
c/Ph/lrcoehmaersder iosvemeered. rchihtrvteoprms:i./cu/hcmh.rrooomrmigeu/dsmeric.vuerorir.tgc/yhs-rcoemoincusumri.idteoryragt-/iscoeoncnussr iifdtoeyrr- acstouingogseindsse trifaootnri ossn suo gnfg oekrse tsepiuiognnggse  sCothnir okonemse peoiDnnr gi vkeCerh ersopaifmene.gD
 rCihvreorm esaDfreiv.er 
safe.
CChhrroommeeDDCrirhvirevoerme Dwrarisv  eswrt awraatesds  sstu acrsctteesda rssutfcuceledlys .ssf
uullcyc.e
ssfully.
[1674565346.840][WARNING]: This version of ChromeDriver has not been tested with Chrome version 109.
[1674565346.859][WARNING]: This version of ChromeDriver has not been tested with Chrome version 109.
[1674565346.920][WARNING]: This version of ChromeDriver has not been tested with Chrome version 109.
jan. 24, 2023 10:02:27 AM org.openqa.selenium.remote.ProtocolHandshake createSession
INFO: Detected dialect: W3C
jan. 24, 2023 10:02:27 AM org.openqa.selenium.remote.ProtocolHandshake createSession
INFO: Detected dialect: W3C
jan. 24, 2023 10:02:27 AM org.openqa.selenium.remote.ProtocolHandshake createSession
INFO: Detected dialect: W3C
jan. 24, 2023 10:02:27 AM org.openqa.selenium.devtools.CdpVersionFinder findNearestMatch
WARNING: Unable to find an exact match for CDP version 109, so returning the closest version found: a no-op implementation
jan. 24, 2023 10:02:27 AM org.openqa.selenium.devtools.CdpVersionFinder findNearestMatch
WARNING: Unable to find an exact match for CDP version 109, so returning the closest version found: a no-op implementation
jan. 24, 2023 10:02:27 AM org.openqa.selenium.devtools.CdpVersionFinder findNearestMatch
WARNING: Unable to find an exact match for CDP version 109, so returning the closest version found: a no-op implementation
jan. 24, 2023 10:02:27 AM org.openqa.selenium.devtools.CdpVersionFinder findNearestMatch
INFO: Unable to find CDP implementation matching 109.
jan. 24, 2023 10:02:27 AM org.openqa.selenium.devtools.CdpVersionFinder findNearestMatch
INFO: Unable to find CDP implementation matching 109.
jan. 24, 2023 10:02:27 AM org.openqa.selenium.devtools.CdpVersionFinder findNearestMatch
INFO: Unable to find CDP implementation matching 109.
jan. 24, 2023 10:02:27 AM org.openqa.selenium.chromium.ChromiumDriver lambda$new$3
WARNING: Unable to find version of CDP to use for . You may need to include a dependency on a specific version of the CDP using something similar to `org.seleniumhq.selenium:selenium-devtools-v86:4.1.4` where the version ("v86") matches the version of the chromium-based browser you're using and the version number of the artifact is the same as Selenium's.
jan. 24, 2023 10:02:27 AM org.openqa.selenium.chromium.ChromiumDriver lambda$new$3
WARNING: Unable to find version of CDP to use for . You may need to include a dependency on a specific version of the CDP using something similar to `org.seleniumhq.selenium:selenium-devtools-v86:4.1.4` where the version ("v86") matches the version of the chromium-based browser you're using and the version number of the artifact is the same as Selenium's.
jan. 24, 2023 10:02:27 AM org.openqa.selenium.chromium.ChromiumDriver lambda$new$3
WARNING: Unable to find version of CDP to use for . You may need to include a dependency on a specific version of the CDP using something similar to `org.seleniumhq.selenium:selenium-devtools-v86:4.1.4` where the version ("v86") matches the version of the chromium-based browser you're using and the version number of the artifact is the same as Selenium's.
]]></system-err>
  </testcase>
  <testcase name="runScenario[&quot;Validate - Successful and Unsuccessful login&quot;, &quot;Webdriver University - Login Page&quot;](2)" classname="runner.Runner" time="4.846"/>
  <testcase name="runScenario[&quot;Validate - Successful and Unsuccessful login&quot;, &quot;Webdriver University - Login Page&quot;](3)" classname="runner.Runner" time="4.863"/>
</testsuite>