<?xml version="1.0" encoding="UTF-8"?>
<testng-results ignored="0" total="3" passed="3" failed="0" skipped="0">
  <reporter-output>
  </reporter-output>
  <suite started-at="2023-01-24T10:02:24 BRT" name="Suite" finished-at="2023-01-24T10:02:30 BRT" duration-ms="5397">
    <groups>
      <group name="cucumber">
        <method signature="AbstractTestNGCucumberTests.runScenario(io.cucumber.testng.PickleWrapper,io.cucumber.testng.FeatureWrapper)[pri:0, instance:runner.Runner@7b9a4292]" name="runScenario" class="io.cucumber.testng.AbstractTestNGCucumberTests"/>
      </group> <!-- cucumber -->
    </groups>
    <test started-at="2023-01-24T10:02:24 BRT" name="Test" finished-at="2023-01-24T10:02:30 BRT" duration-ms="5397">
      <class name="runner.Runner">
        <test-method is-config="true" signature="setUpClass(org.testng.ITestContext)[pri:0, instance:runner.Runner@7b9a4292]" started-at="2023-01-24T10:02:24 BRT" name="setUpClass" finished-at="2023-01-24T10:02:25 BRT" duration-ms="437" status="PASS">
          <params>
            <param index="0">
              <value>
                <![CDATA[org.testng.TestRunner@4009e306]]>
              </value>
            </param>
          </params>
          <reporter-output>
          </reporter-output>
        </test-method> <!-- setUpClass -->
        <test-method signature="runScenario(io.cucumber.testng.PickleWrapper,io.cucumber.testng.FeatureWrapper)[pri:0, instance:runner.Runner@7b9a4292]" started-at="2023-01-24T10:02:25 BRT" name="runScenario" description="Runs Cucumber Scenarios" data-provider="scenarios" finished-at="2023-01-24T10:02:30 BRT" duration-ms="4847" status="PASS">
          <params>
            <param index="0">
              <value>
                <![CDATA["Validate - Successful and Unsuccessful login"]]>
              </value>
            </param>
            <param index="1">
              <value>
                <![CDATA["Webdriver University - Login Page"]]>
              </value>
            </param>
          </params>
          <reporter-output>
          </reporter-output>
        </test-method> <!-- runScenario -->
        <test-method signature="runScenario(io.cucumber.testng.PickleWrapper,io.cucumber.testng.FeatureWrapper)[pri:0, instance:runner.Runner@7b9a4292]" started-at="2023-01-24T10:02:25 BRT" name="runScenario" description="Runs Cucumber Scenarios" data-provider="scenarios" finished-at="2023-01-24T10:02:29 BRT" duration-ms="4726" status="PASS">
          <params>
            <param index="0">
              <value>
                <![CDATA["Validate - Successful and Unsuccessful login"]]>
              </value>
            </param>
            <param index="1">
              <value>
                <![CDATA["Webdriver University - Login Page"]]>
              </value>
            </param>
          </params>
          <reporter-output>
          </reporter-output>
        </test-method> <!-- runScenario -->
        <test-method signature="runScenario(io.cucumber.testng.PickleWrapper,io.cucumber.testng.FeatureWrapper)[pri:0, instance:runner.Runner@7b9a4292]" started-at="2023-01-24T10:02:25 BRT" name="runScenario" description="Runs Cucumber Scenarios" data-provider="scenarios" finished-at="2023-01-24T10:02:30 BRT" duration-ms="4864" status="PASS">
          <params>
            <param index="0">
              <value>
                <![CDATA["Validate - Successful and Unsuccessful login"]]>
              </value>
            </param>
            <param index="1">
              <value>
                <![CDATA["Webdriver University - Login Page"]]>
              </value>
            </param>
          </params>
          <reporter-output>
          </reporter-output>
        </test-method> <!-- runScenario -->
        <test-method is-config="true" signature="tearDownClass()[pri:0, instance:runner.Runner@7b9a4292]" started-at="2023-01-24T10:02:30 BRT" name="tearDownClass" finished-at="2023-01-24T10:02:30 BRT" duration-ms="59" status="PASS">
          <reporter-output>
          </reporter-output>
        </test-method> <!-- tearDownClass -->
      </class> <!-- runner.Runner -->
    </test> <!-- Test -->
  </suite> <!-- Suite -->
</testng-results>
